0 info it worked if it ends with ok
1 verbose cli [ '/Users/nadine/.nvm/v0.10.34/bin/node',
1 verbose cli   '/Users/nadine/.nvm/v0.10.34/bin/npm',
1 verbose cli   'cache',
1 verbose cli   'clean' ]
2 info using npm@1.4.28
3 info using node@v0.10.34
4 error Error: EACCES, unlink '/Users/nadine/.npm/accepts/1.1.4'
4 error  { [Error: EACCES, unlink '/Users/nadine/.npm/accepts/1.1.4']
4 error   errno: 3,
4 error   code: 'EACCES',
4 error   path: '/Users/nadine/.npm/accepts/1.1.4' }
5 error Please try running this command again as root/Administrator.
6 error System Darwin 14.0.0
7 error command "/Users/nadine/.nvm/v0.10.34/bin/node" "/Users/nadine/.nvm/v0.10.34/bin/npm" "cache" "clean"
8 error cwd /Users/nadine/Desktop/browserify-seed
9 error node -v v0.10.34
10 error npm -v 1.4.28
11 error path /Users/nadine/.npm/accepts/1.1.4
12 error code EACCES
13 error errno 3
14 error stack Error: EACCES, unlink '/Users/nadine/.npm/accepts/1.1.4'
15 verbose exit [ 3, true ]
