0 info it worked if it ends with ok
1 verbose cli [ '/Users/nadine/.nvm/v0.10.34/bin/node',
1 verbose cli   '/Users/nadine/.nvm/v0.10.34/bin/npm',
1 verbose cli   'run',
1 verbose cli   'start-dev' ]
2 info using npm@1.4.28
3 info using node@v0.10.34
4 error Error: ENOENT, open '/Users/nadine/Desktop/browserify-seed/src/package.json'
5 error If you need help, you may report this *entire* log,
5 error including the npm and node versions, at:
5 error     <http://github.com/npm/npm/issues>
6 error System Darwin 14.0.0
7 error command "/Users/nadine/.nvm/v0.10.34/bin/node" "/Users/nadine/.nvm/v0.10.34/bin/npm" "run" "start-dev"
8 error cwd /Users/nadine/Desktop/browserify-seed/src
9 error node -v v0.10.34
10 error npm -v 1.4.28
11 error path /Users/nadine/Desktop/browserify-seed/src/package.json
12 error code ENOENT
13 error errno 34
14 verbose exit [ 34, true ]
